<?xml version="1.0" encoding="UTF-8"?>
<!-- Generated by org.testng.reporters.JUnitReportReporter -->
<testsuite skipped="0" hostname="DESKTOP-DSNGGPE" name="remoteTesting.dockerValidation.AppTest" tests="1" failures="0" timestamp="21 Jun 2021 15:49:30 GMT" time="0.016" errors="0">
  <testcase name="shouldAnswerWithTrue" time="0.016" classname="remoteTesting.dockerValidation.AppTest"/>
</testsuite> <!-- remoteTesting.dockerValidation.AppTest -->
