<?xml version="1.0" encoding="UTF-8"?>
<!-- Generated by org.testng.reporters.JUnitReportReporter -->
<testsuite hostname="DESKTOP-DSNGGPE" failures="0" tests="1" name="remoteTesting.dockerValidation.startDocker" time="40.974" errors="0" timestamp="21 Jun 2021 13:09:24 GMT" skipped="0">
  <testcase classname="remoteTesting.dockerValidation.startDocker" name="startFile" time="40.974"/>
</testsuite> <!-- remoteTesting.dockerValidation.startDocker -->
