<?xml version="1.0" encoding="UTF-8"?>
<!-- Generated by org.testng.reporters.JUnitReportReporter -->
<testsuite hostname="DESKTOP-DSNGGPE" failures="0" tests="1" name="remoteTesting.dockerValidation.chrometest2" time="19.081" errors="0" timestamp="21 Jun 2021 13:19:18 GMT" skipped="0">
  <testcase classname="remoteTesting.dockerValidation.chrometest2" name="test1" time="19.081"/>
</testsuite> <!-- remoteTesting.dockerValidation.chrometest2 -->
