<?xml version="1.0" encoding="UTF-8"?>
<!-- Generated by org.testng.reporters.JUnitReportReporter -->
<testsuite skipped="0" hostname="DESKTOP-DSNGGPE" name="remoteTesting.dockerValidation.chrometest1" tests="1" failures="0" timestamp="21 Jun 2021 15:59:18 GMT" time="51.765" errors="0">
  <testcase name="test1" time="51.765" classname="remoteTesting.dockerValidation.chrometest1"/>
</testsuite> <!-- remoteTesting.dockerValidation.chrometest1 -->
